<?xml version="1.0" encoding="UTF-8"?>
<!-- Generated by org.testng.reporters.JUnitXMLReporter -->
<testsuite ignored="2" hostname="DESKTOP-C10433C" failures="0" tests="3" name="edge" time="107.632" errors="0" timestamp="2024-07-22T18:01:49 CEST">
  <testcase classname="com.crm.contacts.CreatContactTest" name="creatContactTest" time="29.065"/>
  <testcase classname="com.crm.Organisation.Sample1Test" name="demo1Test" time="0.025"/>
  <testcase classname="com.crm.Organisation.Sample1Test" name="sample1Test" time="0.246"/>
  <testcase classname="com.crm.Vtiger.genericUtilities.Baseclass" name="@AfterSuite closeDB" time="0.0">
    <ignored/>
  </testcase> <!-- @AfterSuite closeDB -->
  <testcase classname="com.crm.Vtiger.genericUtilities.Baseclass" name="@BeforeSuite connectDB" time="0.0">
    <ignored/>
  </testcase> <!-- @BeforeSuite connectDB -->
</testsuite> <!-- edge -->
