<?xml version="1.0" encoding="UTF-8"?>
<!-- Generated by org.testng.reporters.JUnitXMLReporter -->
<testsuite ignored="2" hostname="DESKTOP-C10433C" failures="0" tests="0" time="0.017" errors="0" timestamp="2024-07-18T18:20:42 CEST">
  <testcase classname="com.crm.Organisation.Sample2Test" name="sample2Test" time="0.0">
    <ignored/>
  </testcase> <!-- sample2Test -->
  <testcase classname="com.crm.Organisation.Sample2Test" name="Demo2Test" time="0.0">
    <ignored/>
  </testcase> <!-- Demo2Test -->
</testsuite>
