<?xml version="1.0" encoding="UTF-8"?>
<!-- Generated by org.testng.reporters.JUnitXMLReporter -->
<testsuite ignored="5" hostname="DESKTOP-C10433C" failures="0" tests="1" name="tests" time="13.362" errors="0" timestamp="2024-07-18T18:16:01 CEST">
  <testcase classname="com.crm.Organisation.Sample1Test" name="sample1Test" time="0.09"/>
  <testcase classname="com.crm.Organisation.Sample2Test" name="Demo2Test" time="0.0">
    <ignored/>
  </testcase> <!-- Demo2Test -->
  <testcase classname="com.crm.Vtiger.genericUtilities.Baseclass" name="@BeforeSuite connectDB" time="0.0">
    <ignored/>
  </testcase> <!-- @BeforeSuite connectDB -->
  <testcase classname="com.crm.Vtiger.genericUtilities.Baseclass" name="@AfterSuite closeDB" time="0.0">
    <ignored/>
  </testcase> <!-- @AfterSuite closeDB -->
  <testcase classname="com.crm.Organisation.Sample1Test" name="demo1Test" time="0.0">
    <ignored/>
  </testcase> <!-- demo1Test -->
  <testcase classname="com.crm.Organisation.Sample2Test" name="sample2Test" time="0.0">
    <ignored/>
  </testcase> <!-- sample2Test -->
</testsuite> <!-- tests -->
