<?xml version="1.0" encoding="UTF-8"?>
<!-- Generated by org.testng.reporters.JUnitXMLReporter -->
<testsuite ignored="1" hostname="DESKTOP-C10433C" failures="0" tests="1" name="Test2" time="12.584" errors="0" timestamp="2024-07-18T18:20:54 CEST">
  <testcase classname="com.crm.Organisation.Sample1Test" name="sample1Test" time="0.067"/>
  <testcase classname="com.crm.Organisation.Sample1Test" name="demo1Test" time="0.0">
    <ignored/>
  </testcase> <!-- demo1Test -->
</testsuite> <!-- Test2 -->
