<?xml version="1.0" encoding="UTF-8"?>
<testng-results ignored="0" total="2" passed="2" failed="0" skipped="0">
  <reporter-output>
  </reporter-output>
  <suite started-at="2024-07-30T15:20:05 CEST" name="Default suite" finished-at="2024-07-30T15:20:33 CEST" duration-ms="27206">
    <groups>
      <group name="regTest">
        <method signature="CreatContactTest.creatContactTest()[pri:0, instance:com.crm.contacts.CreatContactTest@206a70ef]" name="creatContactTest" class="com.crm.contacts.CreatContactTest"/>
      </group> <!-- regTest -->
      <group name="smokeTest">
        <method signature="CreatContactTest.creatContactTest()[pri:0, instance:com.crm.contacts.CreatContactTest@206a70ef]" name="creatContactTest" class="com.crm.contacts.CreatContactTest"/>
      </group> <!-- smokeTest -->
    </groups>
    <test started-at="2024-07-30T15:20:05 CEST" name="Default test" finished-at="2024-07-30T15:20:33 CEST" duration-ms="27206">
      <class name="com.crm.contacts.CreatContactTest">
        <test-method is-config="true" signature="connectDB()[pri:0, instance:com.crm.contacts.CreatContactTest@206a70ef]" started-at="2024-07-30T15:20:05 CEST" name="connectDB" finished-at="2024-07-30T15:20:05 CEST" duration-ms="14" status="PASS">
          <reporter-output>
          </reporter-output>
        </test-method> <!-- connectDB -->
        <test-method is-config="true" signature="launchBrowser()[pri:0, instance:com.crm.contacts.CreatContactTest@206a70ef]" started-at="2024-07-30T15:20:05 CEST" name="launchBrowser" finished-at="2024-07-30T15:20:11 CEST" duration-ms="5396" status="PASS">
          <reporter-output>
          </reporter-output>
        </test-method> <!-- launchBrowser -->
        <test-method is-config="true" signature="logintoApp()[pri:0, instance:com.crm.contacts.CreatContactTest@206a70ef]" started-at="2024-07-30T15:20:11 CEST" name="logintoApp" finished-at="2024-07-30T15:20:14 CEST" duration-ms="3341" status="PASS">
          <reporter-output>
          </reporter-output>
        </test-method> <!-- logintoApp -->
        <test-method signature="creatContactTest()[pri:0, instance:com.crm.contacts.CreatContactTest@206a70ef]" started-at="2024-07-30T15:20:14 CEST" name="creatContactTest" finished-at="2024-07-30T15:20:24 CEST" duration-ms="10070" status="PASS">
          <reporter-output>
          </reporter-output>
        </test-method> <!-- creatContactTest -->
        <test-method is-config="true" signature="logoutFromApp()[pri:0, instance:com.crm.contacts.CreatContactTest@206a70ef]" started-at="2024-07-30T15:20:24 CEST" name="logoutFromApp" finished-at="2024-07-30T15:20:25 CEST" duration-ms="1283" status="PASS">
          <reporter-output>
          </reporter-output>
        </test-method> <!-- logoutFromApp -->
        <test-method is-config="true" signature="logintoApp()[pri:0, instance:com.crm.contacts.CreatContactTest@206a70ef]" started-at="2024-07-30T15:20:25 CEST" name="logintoApp" finished-at="2024-07-30T15:20:28 CEST" duration-ms="2440" status="PASS">
          <reporter-output>
          </reporter-output>
        </test-method> <!-- logintoApp -->
        <test-method signature="m2test()[pri:0, instance:com.crm.contacts.CreatContactTest@206a70ef]" started-at="2024-07-30T15:20:28 CEST" name="m2test" finished-at="2024-07-30T15:20:28 CEST" duration-ms="14" status="PASS">
          <reporter-output>
          </reporter-output>
        </test-method> <!-- m2test -->
        <test-method is-config="true" signature="logoutFromApp()[pri:0, instance:com.crm.contacts.CreatContactTest@206a70ef]" started-at="2024-07-30T15:20:28 CEST" name="logoutFromApp" finished-at="2024-07-30T15:20:32 CEST" duration-ms="4233" status="PASS">
          <reporter-output>
          </reporter-output>
        </test-method> <!-- logoutFromApp -->
        <test-method is-config="true" signature="closebrowser()[pri:0, instance:com.crm.contacts.CreatContactTest@206a70ef]" started-at="2024-07-30T15:20:32 CEST" name="closebrowser" finished-at="2024-07-30T15:20:33 CEST" duration-ms="359" status="PASS">
          <reporter-output>
          </reporter-output>
        </test-method> <!-- closebrowser -->
        <test-method is-config="true" signature="closeDB()[pri:0, instance:com.crm.contacts.CreatContactTest@206a70ef]" started-at="2024-07-30T15:20:33 CEST" name="closeDB" finished-at="2024-07-30T15:20:33 CEST" duration-ms="0" status="PASS">
          <reporter-output>
          </reporter-output>
        </test-method> <!-- closeDB -->
      </class> <!-- com.crm.contacts.CreatContactTest -->
    </test> <!-- Default test -->
  </suite> <!-- Default suite -->
</testng-results>
