<?xml version="1.0" encoding="UTF-8"?>
<testng-results ignored="0" total="2" passed="2" failed="0" skipped="0">
  <reporter-output>
  </reporter-output>
  <suite started-at="2024-08-01T17:22:33 CEST" name="Default suite" finished-at="2024-08-01T17:22:56 CEST" duration-ms="22981">
    <groups>
      <group name="regTest">
        <method signature="CreatContactTest.creatContactTest()[pri:0, instance:com.crm.contacts.CreatContactTest@5aa9e4eb]" name="creatContactTest" class="com.crm.contacts.CreatContactTest"/>
      </group> <!-- regTest -->
      <group name="smokeTest">
        <method signature="CreatContactTest.creatContactTest()[pri:0, instance:com.crm.contacts.CreatContactTest@5aa9e4eb]" name="creatContactTest" class="com.crm.contacts.CreatContactTest"/>
      </group> <!-- smokeTest -->
    </groups>
    <test started-at="2024-08-01T17:22:33 CEST" name="Default test" finished-at="2024-08-01T17:22:56 CEST" duration-ms="22981">
      <class name="com.crm.contacts.CreatContactTest">
        <test-method is-config="true" signature="connectDB()[pri:0, instance:com.crm.contacts.CreatContactTest@5aa9e4eb]" started-at="2024-08-01T17:22:33 CEST" name="connectDB" finished-at="2024-08-01T17:22:33 CEST" duration-ms="12" status="PASS">
          <reporter-output>
          </reporter-output>
        </test-method> <!-- connectDB -->
        <test-method is-config="true" signature="launchBrowser()[pri:0, instance:com.crm.contacts.CreatContactTest@5aa9e4eb]" started-at="2024-08-01T17:22:33 CEST" name="launchBrowser" finished-at="2024-08-01T17:22:38 CEST" duration-ms="4519" status="PASS">
          <reporter-output>
          </reporter-output>
        </test-method> <!-- launchBrowser -->
        <test-method is-config="true" signature="logintoApp()[pri:0, instance:com.crm.contacts.CreatContactTest@5aa9e4eb]" started-at="2024-08-01T17:22:38 CEST" name="logintoApp" finished-at="2024-08-01T17:22:40 CEST" duration-ms="2438" status="PASS">
          <reporter-output>
          </reporter-output>
        </test-method> <!-- logintoApp -->
        <test-method signature="creatContactTest()[pri:0, instance:com.crm.contacts.CreatContactTest@5aa9e4eb]" started-at="2024-08-01T17:22:40 CEST" name="creatContactTest" finished-at="2024-08-01T17:22:49 CEST" duration-ms="8924" status="PASS">
          <reporter-output>
          </reporter-output>
        </test-method> <!-- creatContactTest -->
        <test-method is-config="true" signature="logoutFromApp()[pri:0, instance:com.crm.contacts.CreatContactTest@5aa9e4eb]" started-at="2024-08-01T17:22:49 CEST" name="logoutFromApp" finished-at="2024-08-01T17:22:50 CEST" duration-ms="1153" status="PASS">
          <reporter-output>
          </reporter-output>
        </test-method> <!-- logoutFromApp -->
        <test-method is-config="true" signature="logintoApp()[pri:0, instance:com.crm.contacts.CreatContactTest@5aa9e4eb]" started-at="2024-08-01T17:22:50 CEST" name="logintoApp" finished-at="2024-08-01T17:22:52 CEST" duration-ms="1884" status="PASS">
          <reporter-output>
          </reporter-output>
        </test-method> <!-- logintoApp -->
        <test-method signature="m2test()[pri:0, instance:com.crm.contacts.CreatContactTest@5aa9e4eb]" started-at="2024-08-01T17:22:52 CEST" name="m2test" finished-at="2024-08-01T17:22:52 CEST" duration-ms="4" status="PASS">
          <reporter-output>
          </reporter-output>
        </test-method> <!-- m2test -->
        <test-method is-config="true" signature="logoutFromApp()[pri:0, instance:com.crm.contacts.CreatContactTest@5aa9e4eb]" started-at="2024-08-01T17:22:52 CEST" name="logoutFromApp" finished-at="2024-08-01T17:22:56 CEST" duration-ms="3366" status="PASS">
          <reporter-output>
          </reporter-output>
        </test-method> <!-- logoutFromApp -->
        <test-method is-config="true" signature="closebrowser()[pri:0, instance:com.crm.contacts.CreatContactTest@5aa9e4eb]" started-at="2024-08-01T17:22:56 CEST" name="closebrowser" finished-at="2024-08-01T17:22:56 CEST" duration-ms="338" status="PASS">
          <reporter-output>
          </reporter-output>
        </test-method> <!-- closebrowser -->
        <test-method is-config="true" signature="closeDB()[pri:0, instance:com.crm.contacts.CreatContactTest@5aa9e4eb]" started-at="2024-08-01T17:22:56 CEST" name="closeDB" finished-at="2024-08-01T17:22:56 CEST" duration-ms="1" status="PASS">
          <reporter-output>
          </reporter-output>
        </test-method> <!-- closeDB -->
      </class> <!-- com.crm.contacts.CreatContactTest -->
    </test> <!-- Default test -->
  </suite> <!-- Default suite -->
</testng-results>
